INFO:root:Starting model training process...
INFO:root:Downloading NLTK resources...
INFO:root:NLTK resources downloaded successfully!
INFO:root:Loading datasets...
INFO:root:Datasets loaded successfully!
INFO:root:Cleaning and lemmatizing text data...
INFO:root:Text cleaning and lemmatization completed!
INFO:root:Applying TF-IDF vectorization...
INFO:root:Splitting data into train and test sets...
INFO:root:Applying SMOTE for oversampling...
INFO:root:Starting grid search for hyperparameter tuning...
INFO:root:Starting model training process...
INFO:root:Downloading NLTK resources...
INFO:root:NLTK resources downloaded successfully!
INFO:root:Loading datasets...
INFO:root:Datasets loaded successfully!
INFO:root:Cleaning and lemmatizing text data...
INFO:root:Text cleaning and lemmatization completed!
INFO:root:Applying TF-IDF vectorization...
INFO:root:Splitting data into train and test sets...
INFO:root:Applying SMOTE for oversampling...
INFO:root:Starting grid search for hyperparameter tuning...
INFO:root:Grid search completed successfully!
INFO:root:Training Logistic Regression model...
INFO:root:Model trained successfully!
INFO:root:Predicting with Logistic Regression...
INFO:root:Tuned Logistic Regression Accuracy: 0.4517
INFO:root:
Classification Report (Logistic Regression):
              precision    recall  f1-score   support

       anger       0.17      0.44      0.24      1599
        fear       0.04      0.49      0.07       585
         joy       0.81      0.47      0.60     27598
     neutral       0.40      0.39      0.40     11185
     sadness       0.16      0.46      0.24      1278

    accuracy                           0.45     42245
   macro avg       0.32      0.45      0.31     42245
weighted avg       0.65      0.45      0.51     42245

INFO:root:Predicting emotion for input: I am very proud
INFO:root:Predicting emotion for input: I feel so sad and hopeless
INFO:root:Predicting emotion for input: That’s scary and makes me anxious
INFO:root:Predicting emotion for input: I am happy today
INFO:root:Predicting emotion for input: I don't care anymore
INFO:root:Total Runtime: 169.58 seconds
INFO:root:Starting model training process...
INFO:root:Downloading NLTK resources...
INFO:root:NLTK resources downloaded successfully!
INFO:root:Loading datasets...
INFO:root:Datasets loaded successfully!
INFO:root:Cleaning and lemmatizing text data...
INFO:root:Text cleaning and lemmatization completed!
INFO:root:Applying TF-IDF vectorization...
INFO:root:Splitting data into train and test sets...
INFO:root:Applying SMOTE for oversampling...
INFO:root:Starting grid search for hyperparameter tuning...
INFO:root:Grid search completed successfully!
INFO:root:Training Logistic Regression model...
INFO:root:Model trained successfully!
INFO:root:Predicting with Logistic Regression...
INFO:root:Tuned Logistic Regression Accuracy: 0.4517
INFO:root:
Classification Report (Logistic Regression):
              precision    recall  f1-score   support

       anger       0.17      0.44      0.24      1599
        fear       0.04      0.49      0.07       585
         joy       0.81      0.47      0.60     27598
     neutral       0.40      0.39      0.40     11185
     sadness       0.16      0.46      0.24      1278

    accuracy                           0.45     42245
   macro avg       0.32      0.45      0.31     42245
weighted avg       0.65      0.45      0.51     42245

INFO:root:Predicting emotion for input: I am very proud
INFO:root:Predicting emotion for input: I feel so sad and hopeless
INFO:root:Predicting emotion for input: That’s scary and makes me anxious
INFO:root:Predicting emotion for input: I am happy today
INFO:root:Predicting emotion for input: I don't care anymore
INFO:root:Total Runtime: 258.75 seconds
INFO:root:Starting model training process...
INFO:root:Downloading NLTK resources...
INFO:root:NLTK resources downloaded successfully!
INFO:root:Loading datasets...
INFO:root:Datasets loaded successfully!
INFO:root:Cleaning and lemmatizing text data...
INFO:root:Starting model training process...
INFO:root:Downloading NLTK resources...
INFO:root:NLTK resources downloaded successfully!
INFO:root:Loading datasets...
INFO:root:Datasets loaded successfully!
INFO:root:Cleaning and lemmatizing text data...
INFO:root:Starting model training process...
INFO:root:Downloading NLTK resources...
INFO:root:NLTK resources downloaded successfully!
INFO:root:Loading datasets...
INFO:root:Datasets loaded successfully!
INFO:root:Cleaning and lemmatizing text data...
INFO:root:Text cleaning and lemmatization completed!
INFO:root:Applying TF-IDF vectorization...
INFO:root:Splitting data into train and test sets...
INFO:root:Applying SMOTE for oversampling...
INFO:root:Starting grid search for hyperparameter tuning...
INFO:root:Grid search completed successfully!
INFO:root:Training Logistic Regression model...
INFO:root:Model trained successfully!
INFO:root:Predicting with Logistic Regression...
INFO:root:Tuned Logistic Regression Accuracy: 0.4517
INFO:root:
Classification Report (Logistic Regression):
              precision    recall  f1-score   support

       anger       0.17      0.44      0.24      1599
        fear       0.04      0.49      0.07       585
         joy       0.81      0.47      0.60     27598
     neutral       0.40      0.39      0.40     11185
     sadness       0.16      0.46      0.24      1278

    accuracy                           0.45     42245
   macro avg       0.32      0.45      0.31     42245
weighted avg       0.65      0.45      0.51     42245

INFO:root:Predicting emotion for input: I am very proud
INFO:root:Predicting emotion for input: I feel so sad and hopeless
INFO:root:Predicting emotion for input: That’s scary and makes me anxious
INFO:root:Predicting emotion for input: I am happy today
INFO:root:Predicting emotion for input: I don't care anymore
INFO:root:Total Runtime: 259.97 seconds
INFO:root:Starting model training process...
INFO:root:Downloading NLTK resources...
INFO:root:NLTK resources downloaded successfully!
INFO:root:Loading datasets...
INFO:root:Datasets loaded successfully!
INFO:root:Cleaning and lemmatizing text data...
INFO:root:Starting model training process...
INFO:root:Downloading NLTK resources...
INFO:root:NLTK resources downloaded successfully!
INFO:root:Loading datasets...
INFO:root:Datasets loaded successfully!
INFO:root:Cleaning and lemmatizing text data...
INFO:root:Text cleaning and lemmatization completed!
INFO:root:Applying TF-IDF vectorization...
INFO:root:Splitting data into train and test sets...
INFO:root:Applying SMOTE for oversampling...
INFO:root:Starting grid search for hyperparameter tuning...
INFO:root:Grid search completed successfully!
INFO:root:Training Logistic Regression model...
INFO:root:Model trained successfully!
INFO:root:Predicting with Logistic Regression...
INFO:root:Tuned Logistic Regression Accuracy: 0.4517
INFO:root:
Classification Report (Logistic Regression):
              precision    recall  f1-score   support

       anger       0.17      0.44      0.24      1599
        fear       0.04      0.49      0.07       585
         joy       0.81      0.47      0.60     27598
     neutral       0.40      0.39      0.40     11185
     sadness       0.16      0.46      0.24      1278

    accuracy                           0.45     42245
   macro avg       0.32      0.45      0.31     42245
weighted avg       0.65      0.45      0.51     42245

INFO:root:Predicting emotion for input: I am very proud
INFO:root:Predicting emotion for input: I feel so sad and hopeless
INFO:root:Predicting emotion for input: That’s scary and makes me anxious
INFO:root:Predicting emotion for input: I am happy today
INFO:root:Predicting emotion for input: I don't care anymore
INFO:root:Total Runtime: 348.16 seconds
INFO:root:Starting model training process...
INFO:root:Downloading NLTK resources...
INFO:root:NLTK resources downloaded successfully!
INFO:root:Loading datasets...
INFO:root:Datasets loaded successfully!
INFO:root:Cleaning and lemmatizing text data...
INFO:root:Text cleaning and lemmatization completed!
INFO:root:Applying TF-IDF vectorization...
INFO:root:Splitting data into train and test sets...
INFO:root:Applying SMOTE for oversampling...
INFO:root:Starting grid search for hyperparameter tuning...
INFO:root:Grid search completed successfully!
INFO:root:Training Logistic Regression model...
INFO:root:Model trained successfully!
INFO:root:Predicting with Logistic Regression...
INFO:root:Tuned Logistic Regression Accuracy: 0.4517
INFO:root:
Classification Report (Logistic Regression):
              precision    recall  f1-score   support

       anger       0.17      0.44      0.24      1599
        fear       0.04      0.49      0.07       585
         joy       0.81      0.47      0.60     27598
     neutral       0.40      0.39      0.40     11185
     sadness       0.16      0.46      0.24      1278

    accuracy                           0.45     42245
   macro avg       0.32      0.45      0.31     42245
weighted avg       0.65      0.45      0.51     42245

INFO:root:Predicting emotion for input: I am very proud
INFO:root:Predicting emotion for input: I feel so sad and hopeless
INFO:root:Predicting emotion for input: That’s scary and makes me anxious
INFO:root:Predicting emotion for input: I am happy today
INFO:root:Predicting emotion for input: I don't care anymore
INFO:root:Total Runtime: 299.15 seconds
